<?xml version="1.0" encoding="UTF-8"?>
<testng-results ignored="0" total="2" passed="1" failed="1" skipped="0">
  <reporter-output>
  </reporter-output>
  <suite started-at="2024-06-28T10:30:53 IST" name="Suite" finished-at="2024-06-28T10:32:07 IST" duration-ms="73720">
    <groups>
      <group name="regressionTest">
        <method signature="CreateContactTest.createContactWithOrgTest()[pri:0, instance:com.comcast.crm.contacttest.CreateContactTest@710f4dc7]" name="createContactWithOrgTest" class="com.comcast.crm.contacttest.CreateContactTest"/>
      </group> <!-- regressionTest -->
      <group name="smokeTest">
        <method signature="CreateOrganizationTest.createOrgTest()[pri:0, instance:com.comcast.crm.orgtest.CreateOrganizationTest@8297b3a]" name="createOrgTest" class="com.comcast.crm.orgtest.CreateOrganizationTest"/>
      </group> <!-- smokeTest -->
    </groups>
    <test started-at="2024-06-28T10:30:53 IST" name="Test" finished-at="2024-06-28T10:32:07 IST" duration-ms="73720">
      <class name="com.comcast.crm.orgtest.CreateOrganizationTest">
        <test-method is-config="true" signature="configBC()[pri:0, instance:com.comcast.crm.orgtest.CreateOrganizationTest@8297b3a]" started-at="2024-06-28T10:31:35 IST" name="configBC" finished-at="2024-06-28T10:31:36 IST" duration-ms="1014" status="PASS">
          <reporter-output>
          </reporter-output>
        </test-method> <!-- configBC -->
        <test-method is-config="true" signature="configBM()[pri:0, instance:com.comcast.crm.orgtest.CreateOrganizationTest@8297b3a]" started-at="2024-06-28T10:31:36 IST" name="configBM" finished-at="2024-06-28T10:31:36 IST" duration-ms="846" status="PASS">
          <reporter-output>
          </reporter-output>
        </test-method> <!-- configBM -->
        <test-method signature="createOrgTest()[pri:0, instance:com.comcast.crm.orgtest.CreateOrganizationTest@8297b3a]" started-at="2024-06-28T10:31:36 IST" name="createOrgTest" finished-at="2024-06-28T10:31:56 IST" duration-ms="20070" status="FAIL">
          <exception class="org.openqa.selenium.NoSuchElementException">
            <message>
              <![CDATA[no such element: Unable to locate element: {"method":"link text","selector":"Organizations"}
  (Session info: chrome=126.0.6478.126)
For documentation on this error, please visit: https://www.selenium.dev/documentation/webdriver/troubleshooting/errors#no-such-element-exception
Build info: version: '4.12.0', revision: '249f2a7d1b*'
System info: os.name: 'Windows 11', os.arch: 'amd64', os.version: '10.0', java.version: '17.0.11'
Driver info: org.openqa.selenium.chrome.ChromeDriver
Command: [60fc7d77d077ccdacb643d69f6c280cc, findElement {using=link text, value=Organizations}]
Capabilities {acceptInsecureCerts: false, browserName: chrome, browserVersion: 126.0.6478.126, chrome: {chromedriverVersion: 126.0.6478.126 (d36ace6122e..., userDataDir: C:\Users\RAMYAB~1\AppData\L...}, fedcm:accounts: true, goog:chromeOptions: {debuggerAddress: localhost:57309}, networkConnectionEnabled: false, pageLoadStrategy: normal, platformName: windows, proxy: Proxy(), se:cdp: ws://localhost:57309/devtoo..., se:cdpVersion: 126.0.6478.126, setWindowRect: true, strictFileInteractability: false, timeouts: {implicit: 0, pageLoad: 300000, script: 30000}, unhandledPromptBehavior: dismiss and notify, webauthn:extension:credBlob: true, webauthn:extension:largeBlob: true, webauthn:extension:minPinLength: true, webauthn:extension:prf: true, webauthn:virtualAuthenticators: true}
Session ID: 60fc7d77d077ccdacb643d69f6c280cc]]>
            </message>
            <full-stacktrace>
              <![CDATA[org.openqa.selenium.NoSuchElementException: no such element: Unable to locate element: {"method":"link text","selector":"Organizations"}
  (Session info: chrome=126.0.6478.126)
For documentation on this error, please visit: https://www.selenium.dev/documentation/webdriver/troubleshooting/errors#no-such-element-exception
Build info: version: '4.12.0', revision: '249f2a7d1b*'
System info: os.name: 'Windows 11', os.arch: 'amd64', os.version: '10.0', java.version: '17.0.11'
Driver info: org.openqa.selenium.chrome.ChromeDriver
Command: [60fc7d77d077ccdacb643d69f6c280cc, findElement {using=link text, value=Organizations}]
Capabilities {acceptInsecureCerts: false, browserName: chrome, browserVersion: 126.0.6478.126, chrome: {chromedriverVersion: 126.0.6478.126 (d36ace6122e..., userDataDir: C:\Users\RAMYAB~1\AppData\L...}, fedcm:accounts: true, goog:chromeOptions: {debuggerAddress: localhost:57309}, networkConnectionEnabled: false, pageLoadStrategy: normal, platformName: windows, proxy: Proxy(), se:cdp: ws://localhost:57309/devtoo..., se:cdpVersion: 126.0.6478.126, setWindowRect: true, strictFileInteractability: false, timeouts: {implicit: 0, pageLoad: 300000, script: 30000}, unhandledPromptBehavior: dismiss and notify, webauthn:extension:credBlob: true, webauthn:extension:largeBlob: true, webauthn:extension:minPinLength: true, webauthn:extension:prf: true, webauthn:virtualAuthenticators: true}
Session ID: 60fc7d77d077ccdacb643d69f6c280cc
at java.base/jdk.internal.reflect.NativeConstructorAccessorImpl.newInstance0(Native Method)
at java.base/jdk.internal.reflect.NativeConstructorAccessorImpl.newInstance(NativeConstructorAccessorImpl.java:77)
at java.base/jdk.internal.reflect.DelegatingConstructorAccessorImpl.newInstance(DelegatingConstructorAccessorImpl.java:45)
at java.base/java.lang.reflect.Constructor.newInstanceWithCaller(Constructor.java:499)
at java.base/java.lang.reflect.Constructor.newInstance(Constructor.java:480)
at org.openqa.selenium.remote.codec.w3c.W3CHttpResponseCodec.createException(W3CHttpResponseCodec.java:200)
at org.openqa.selenium.remote.codec.w3c.W3CHttpResponseCodec.decode(W3CHttpResponseCodec.java:133)
at org.openqa.selenium.remote.codec.w3c.W3CHttpResponseCodec.decode(W3CHttpResponseCodec.java:52)
at org.openqa.selenium.remote.HttpCommandExecutor.execute(HttpCommandExecutor.java:191)
at org.openqa.selenium.remote.service.DriverCommandExecutor.invokeExecute(DriverCommandExecutor.java:196)
at org.openqa.selenium.remote.service.DriverCommandExecutor.execute(DriverCommandExecutor.java:171)
at org.openqa.selenium.remote.RemoteWebDriver.execute(RemoteWebDriver.java:602)
at org.openqa.selenium.remote.ElementLocation$ElementFinder$2.findElement(ElementLocation.java:165)
at org.openqa.selenium.remote.ElementLocation.findElement(ElementLocation.java:59)
at org.openqa.selenium.remote.RemoteWebDriver.findElement(RemoteWebDriver.java:359)
at org.openqa.selenium.remote.RemoteWebDriver.findElement(RemoteWebDriver.java:353)
at org.openqa.selenium.support.pagefactory.DefaultElementLocator.findElement(DefaultElementLocator.java:68)
at org.openqa.selenium.support.pagefactory.internal.LocatingElementHandler.invoke(LocatingElementHandler.java:38)
at jdk.proxy2/jdk.proxy2.$Proxy23.click(Unknown Source)
at com.comcast.crm.orgtest.CreateOrganizationTest.createOrgTest(CreateOrganizationTest.java:43)
at java.base/jdk.internal.reflect.NativeMethodAccessorImpl.invoke0(Native Method)
at java.base/jdk.internal.reflect.NativeMethodAccessorImpl.invoke(NativeMethodAccessorImpl.java:77)
at java.base/jdk.internal.reflect.DelegatingMethodAccessorImpl.invoke(DelegatingMethodAccessorImpl.java:43)
at java.base/java.lang.reflect.Method.invoke(Method.java:568)
at org.testng.internal.invokers.MethodInvocationHelper.invokeMethod(MethodInvocationHelper.java:141)
at org.testng.internal.invokers.TestInvoker.invokeMethod(TestInvoker.java:686)
at org.testng.internal.invokers.TestInvoker.invokeTestMethod(TestInvoker.java:230)
at org.testng.internal.invokers.MethodRunner.runInSequence(MethodRunner.java:63)
at org.testng.internal.invokers.TestInvoker$MethodInvocationAgent.invoke(TestInvoker.java:992)
at org.testng.internal.invokers.TestInvoker.invokeTestMethods(TestInvoker.java:203)
at org.testng.internal.invokers.TestMethodWorker.invokeTestMethods(TestMethodWorker.java:154)
at org.testng.internal.invokers.TestMethodWorker.run(TestMethodWorker.java:134)
at java.base/java.util.ArrayList.forEach(ArrayList.java:1511)
at org.testng.TestRunner.privateRun(TestRunner.java:739)
at org.testng.TestRunner.run(TestRunner.java:614)
at org.testng.SuiteRunner.runTest(SuiteRunner.java:421)
at org.testng.SuiteRunner.runSequentially(SuiteRunner.java:413)
at org.testng.SuiteRunner.privateRun(SuiteRunner.java:373)
at org.testng.SuiteRunner.run(SuiteRunner.java:312)
at org.testng.SuiteRunnerWorker.runSuite(SuiteRunnerWorker.java:52)
at org.testng.SuiteRunnerWorker.run(SuiteRunnerWorker.java:95)
at org.testng.TestNG.runSuitesSequentially(TestNG.java:1274)
at org.testng.TestNG.runSuitesLocally(TestNG.java:1208)
at org.testng.TestNG.runSuites(TestNG.java:1112)
at org.testng.TestNG.run(TestNG.java:1079)
at org.testng.remote.AbstractRemoteTestNG.run(AbstractRemoteTestNG.java:115)
at org.testng.remote.RemoteTestNG.initAndRun(RemoteTestNG.java:293)
at org.testng.remote.RemoteTestNG.main(RemoteTestNG.java:91)
]]>
            </full-stacktrace>
          </exception> <!-- org.openqa.selenium.NoSuchElementException -->
          <reporter-output>
          </reporter-output>
        </test-method> <!-- createOrgTest -->
        <test-method is-config="true" signature="configAM()[pri:0, instance:com.comcast.crm.orgtest.CreateOrganizationTest@8297b3a]" started-at="2024-06-28T10:31:57 IST" name="configAM" finished-at="2024-06-28T10:32:07 IST" duration-ms="9983" status="PASS">
          <reporter-output>
          </reporter-output>
        </test-method> <!-- configAM -->
        <test-method is-config="true" signature="configAC()[pri:0, instance:com.comcast.crm.orgtest.CreateOrganizationTest@8297b3a]" started-at="2024-06-28T10:32:07 IST" name="configAC" finished-at="2024-06-28T10:32:07 IST" duration-ms="178" status="PASS">
          <reporter-output>
          </reporter-output>
        </test-method> <!-- configAC -->
      </class> <!-- com.comcast.crm.orgtest.CreateOrganizationTest -->
      <class name="com.comcast.crm.contacttest.CreateContactTest">
        <test-method is-config="true" signature="configBS()[pri:0, instance:com.comcast.crm.contacttest.CreateContactTest@710f4dc7]" started-at="2024-06-28T10:30:53 IST" name="configBS" finished-at="2024-06-28T10:30:53 IST" duration-ms="222" status="PASS">
          <reporter-output>
          </reporter-output>
        </test-method> <!-- configBS -->
        <test-method is-config="true" signature="configBC()[pri:0, instance:com.comcast.crm.contacttest.CreateContactTest@710f4dc7]" started-at="2024-06-28T10:30:53 IST" name="configBC" finished-at="2024-06-28T10:30:57 IST" duration-ms="3621" status="PASS">
          <reporter-output>
          </reporter-output>
        </test-method> <!-- configBC -->
        <test-method is-config="true" signature="configBM()[pri:0, instance:com.comcast.crm.contacttest.CreateContactTest@710f4dc7]" started-at="2024-06-28T10:30:57 IST" name="configBM" finished-at="2024-06-28T10:31:08 IST" duration-ms="11349" status="PASS">
          <reporter-output>
          </reporter-output>
        </test-method> <!-- configBM -->
        <test-method signature="createContactWithOrgTest()[pri:0, instance:com.comcast.crm.contacttest.CreateContactTest@710f4dc7]" started-at="2024-06-28T10:31:08 IST" name="createContactWithOrgTest" finished-at="2024-06-28T10:31:33 IST" duration-ms="24669" status="PASS">
          <reporter-output>
          </reporter-output>
        </test-method> <!-- createContactWithOrgTest -->
        <test-method is-config="true" signature="configAM()[pri:0, instance:com.comcast.crm.contacttest.CreateContactTest@710f4dc7]" started-at="2024-06-28T10:31:33 IST" name="configAM" finished-at="2024-06-28T10:31:34 IST" duration-ms="1545" status="PASS">
          <reporter-output>
          </reporter-output>
        </test-method> <!-- configAM -->
        <test-method is-config="true" signature="configAC()[pri:0, instance:com.comcast.crm.contacttest.CreateContactTest@710f4dc7]" started-at="2024-06-28T10:31:34 IST" name="configAC" finished-at="2024-06-28T10:31:35 IST" duration-ms="228" status="PASS">
          <reporter-output>
          </reporter-output>
        </test-method> <!-- configAC -->
        <test-method is-config="true" signature="configAS()[pri:0, instance:com.comcast.crm.contacttest.CreateContactTest@710f4dc7]" started-at="2024-06-28T10:32:07 IST" name="configAS" finished-at="2024-06-28T10:32:07 IST" duration-ms="0" status="PASS">
          <reporter-output>
          </reporter-output>
        </test-method> <!-- configAS -->
      </class> <!-- com.comcast.crm.contacttest.CreateContactTest -->
    </test> <!-- Test -->
  </suite> <!-- Suite -->
</testng-results>
