<?xml version="1.0" encoding="UTF-8"?>
<testng-results ignored="0" total="1" passed="1" failed="0" skipped="0">
  <reporter-output>
  </reporter-output>
  <suite started-at="2024-06-24T12:52:06 IST" name="Suite" finished-at="2024-06-24T12:52:25 IST" duration-ms="19310">
    <groups>
      <group name="smokeTest">
        <method signature="CreateOrganizationTest.createOrgTest()[pri:0, instance:com.comcast.crm.orgtest.CreateOrganizationTest@2a5c8d3f]" name="createOrgTest" class="com.comcast.crm.orgtest.CreateOrganizationTest"/>
      </group> <!-- smokeTest -->
    </groups>
    <test started-at="2024-06-24T12:52:06 IST" name="Test" finished-at="2024-06-24T12:52:25 IST" duration-ms="19310">
      <class name="com.comcast.crm.orgtest.CreateOrganizationTest">
        <test-method is-config="true" signature="configBS()[pri:0, instance:com.comcast.crm.orgtest.CreateOrganizationTest@2a5c8d3f]" started-at="2024-06-24T12:52:06 IST" name="configBS" finished-at="2024-06-24T12:52:06 IST" duration-ms="184" status="PASS">
          <reporter-output>
          </reporter-output>
        </test-method> <!-- configBS -->
        <test-method is-config="true" signature="configBC()[pri:0, instance:com.comcast.crm.orgtest.CreateOrganizationTest@2a5c8d3f]" started-at="2024-06-24T12:52:06 IST" name="configBC" finished-at="2024-06-24T12:52:07 IST" duration-ms="1753" status="PASS">
          <reporter-output>
          </reporter-output>
        </test-method> <!-- configBC -->
        <test-method is-config="true" signature="configBM()[pri:0, instance:com.comcast.crm.orgtest.CreateOrganizationTest@2a5c8d3f]" started-at="2024-06-24T12:52:07 IST" name="configBM" finished-at="2024-06-24T12:52:11 IST" duration-ms="3897" status="PASS">
          <reporter-output>
          </reporter-output>
        </test-method> <!-- configBM -->
        <test-method signature="createOrgTest()[pri:0, instance:com.comcast.crm.orgtest.CreateOrganizationTest@2a5c8d3f]" started-at="2024-06-24T12:52:11 IST" name="createOrgTest" finished-at="2024-06-24T12:52:23 IST" duration-ms="11476" status="PASS">
          <reporter-output>
          </reporter-output>
        </test-method> <!-- createOrgTest -->
        <test-method is-config="true" signature="configAM()[pri:0, instance:com.comcast.crm.orgtest.CreateOrganizationTest@2a5c8d3f]" started-at="2024-06-24T12:52:23 IST" name="configAM" finished-at="2024-06-24T12:52:25 IST" duration-ms="1962" status="PASS">
          <reporter-output>
          </reporter-output>
        </test-method> <!-- configAM -->
        <test-method is-config="true" signature="configAC()[pri:0, instance:com.comcast.crm.orgtest.CreateOrganizationTest@2a5c8d3f]" started-at="2024-06-24T12:52:25 IST" name="configAC" finished-at="2024-06-24T12:52:25 IST" duration-ms="191" status="PASS">
          <reporter-output>
          </reporter-output>
        </test-method> <!-- configAC -->
        <test-method is-config="true" signature="configAS()[pri:0, instance:com.comcast.crm.orgtest.CreateOrganizationTest@2a5c8d3f]" started-at="2024-06-24T12:52:25 IST" name="configAS" finished-at="2024-06-24T12:52:25 IST" duration-ms="15" status="PASS">
          <reporter-output>
          </reporter-output>
        </test-method> <!-- configAS -->
      </class> <!-- com.comcast.crm.orgtest.CreateOrganizationTest -->
    </test> <!-- Test -->
  </suite> <!-- Suite -->
</testng-results>
